# JRE version: OpenJDK Runtime Environment (17.0.1+12) (build 17.0.1+12-39)
# Java VM: OpenJDK 64-Bit Server VM (17.0.1+12-39, mixed mode, sharing, tiered, compressed oops, compressed class ptrs, g1 gc, windows-amd64)
GC Precious Log:
 CPUs: 20 total, 20 available
 Memory: 32618M
 Large Page Support: Disabled
 NUMA Support: Disabled
 Compressed Oops: Enabled (32-bit)
 Heap Region Size: 1M
 Heap Min Capacity: 256M
 Heap Initial Capacity: 256M
 Heap Max Capacity: 512M
 Pre-touch: Disabled
 Parallel Workers: 15
 Concurrent Workers: 4
 Concurrent Refinement Workers: 15
 Periodic GC: Disabled
Heap:
 garbage-first heap   total 266240K, used 170962K [0x00000000e0000000, 0x0000000100000000)
  region size 1024K, 78 young (79872K), 19 survivors (19456K)
 Metaspace       used 80212K, committed 80960K, reserved 286720K
  class space    used 10881K, committed 11200K, reserved 212992K
GC Heap History (18 events):
Event: 0.338 GC heap before
{Heap before GC invocations=0 (full 0):
 garbage-first heap   total 262144K, used 28672K [0x00000000e0000000, 0x0000000100000000)
  region size 1024K, 23 young (23552K), 0 survivors (0K)
 Metaspace       used 3033K, committed 3200K, reserved 221184K
  class space    used 383K, committed 448K, reserved 212992K
}
Event: 0.341 GC heap after
{Heap after GC invocations=1 (full 0):
 garbage-first heap   total 262144K, used 9141K [0x00000000e0000000, 0x0000000100000000)
  region size 1024K, 3 young (3072K), 3 survivors (3072K)
 Metaspace       used 3033K, committed 3200K, reserved 221184K
  class space    used 383K, committed 448K, reserved 212992K
}
Event: 0.522 GC heap before
{Heap before GC invocations=1 (full 0):
 garbage-first heap   total 262144K, used 37813K [0x00000000e0000000, 0x0000000100000000)
  region size 1024K, 30 young (30720K), 3 survivors (3072K)
 Metaspace       used 3940K, committed 4160K, reserved 221184K
  class space    used 479K, committed 576K, reserved 212992K
}
Event: 0.523 GC heap after
{Heap after GC invocations=2 (full 0):
 garbage-first heap   total 262144K, used 11778K [0x00000000e0000000, 0x0000000100000000)
  region size 1024K, 2 young (2048K), 2 survivors (2048K)
 Metaspace       used 3940K, committed 4160K, reserved 221184K
  class space    used 479K, committed 576K, reserved 212992K
}
Event: 1.575 GC heap before
{Heap before GC invocations=2 (full 0):
 garbage-first heap   total 262144K, used 121346K [0x00000000e0000000, 0x0000000100000000)
  region size 1024K, 110 young (112640K), 2 survivors (2048K)
 Metaspace       used 21235K, committed 21504K, reserved 237568K
  class space    used 3154K, committed 3264K, reserved 212992K
}
Event: 1.580 GC heap after
{Heap after GC invocations=3 (full 0):
 garbage-first heap   total 262144K, used 20775K [0x00000000e0000000, 0x0000000100000000)
  region size 1024K, 12 young (12288K), 12 survivors (12288K)
 Metaspace       used 21235K, committed 21504K, reserved 237568K
  class space    used 3154K, committed 3264K, reserved 212992K
}
Event: 2.362 GC heap before
{Heap before GC invocations=4 (full 0):
 garbage-first heap   total 262144K, used 128295K [0x00000000e0000000, 0x0000000100000000)
  region size 1024K, 115 young (117760K), 12 survivors (12288K)
 Metaspace       used 35559K, committed 35968K, reserved 245760K
  class space    used 4840K, committed 5056K, reserved 212992K
}
Event: 2.369 GC heap after
{Heap after GC invocations=5 (full 0):
 garbage-first heap   total 262144K, used 30575K [0x00000000e0000000, 0x0000000100000000)
  region size 1024K, 20 young (20480K), 20 survivors (20480K)
 Metaspace       used 35559K, committed 35968K, reserved 245760K
  class space    used 4840K, committed 5056K, reserved 212992K
}
Event: 3.277 GC heap before
{Heap before GC invocations=6 (full 0):
 garbage-first heap   total 262144K, used 169839K [0x00000000e0000000, 0x0000000100000000)
  region size 1024K, 153 young (156672K), 20 survivors (20480K)
 Metaspace       used 47901K, committed 48384K, reserved 262144K
  class space    used 6566K, committed 6784K, reserved 212992K
}
Event: 3.289 GC heap after
{Heap after GC invocations=7 (full 0):
 garbage-first heap   total 262144K, used 44852K [0x00000000e0000000, 0x0000000100000000)
  region size 1024K, 20 young (20480K), 20 survivors (20480K)
 Metaspace       used 47901K, committed 48384K, reserved 262144K
  class space    used 6566K, committed 6784K, reserved 212992K
}
Event: 3.293 GC heap before
{Heap before GC invocations=7 (full 0):
 garbage-first heap   total 262144K, used 45876K [0x00000000e0000000, 0x0000000100000000)
  region size 1024K, 21 young (21504K), 20 survivors (20480K)
 Metaspace       used 47940K, committed 48448K, reserved 262144K
  class space    used 6569K, committed 6784K, reserved 212992K
}
Event: 3.300 GC heap after
{Heap after GC invocations=8 (full 0):
 garbage-first heap   total 262144K, used 47060K [0x00000000e0000000, 0x0000000100000000)
  region size 1024K, 2 young (2048K), 2 survivors (2048K)
 Metaspace       used 47940K, committed 48448K, reserved 262144K
  class space    used 6569K, committed 6784K, reserved 212992K
}
Event: 4.122 GC heap before
{Heap before GC invocations=8 (full 0):
 garbage-first heap   total 262144K, used 167892K [0x00000000e0000000, 0x0000000100000000)
  region size 1024K, 121 young (123904K), 2 survivors (2048K)
 Metaspace       used 59589K, committed 60096K, reserved 270336K
  class space    used 8240K, committed 8512K, reserved 212992K
}
Event: 4.126 GC heap after
{Heap after GC invocations=9 (full 0):
 garbage-first heap   total 262144K, used 52586K [0x00000000e0000000, 0x0000000100000000)
  region size 1024K, 8 young (8192K), 8 survivors (8192K)
 Metaspace       used 59589K, committed 60096K, reserved 270336K
  class space    used 8240K, committed 8512K, reserved 212992K
}
Event: 161.243 GC heap before
{Heap before GC invocations=10 (full 0):
 garbage-first heap   total 262144K, used 194922K [0x00000000e0000000, 0x0000000100000000)
  region size 1024K, 148 young (151552K), 8 survivors (8192K)
 Metaspace       used 67212K, committed 67904K, reserved 278528K
  class space    used 9222K, committed 9536K, reserved 212992K
}
Event: 161.250 GC heap after
{Heap after GC invocations=11 (full 0):
 garbage-first heap   total 262144K, used 62677K [0x00000000e0000000, 0x0000000100000000)
  region size 1024K, 18 young (18432K), 18 survivors (18432K)
 Metaspace       used 67212K, committed 67904K, reserved 278528K
  class space    used 9222K, committed 9536K, reserved 212992K
}
Event: 165.365 GC heap before
{Heap before GC invocations=11 (full 0):
 garbage-first heap   total 262144K, used 219349K [0x00000000e0000000, 0x0000000100000000)
  region size 1024K, 145 young (148480K), 18 survivors (18432K)
 Metaspace       used 79176K, committed 79872K, reserved 286720K
  class space    used 10760K, committed 11072K, reserved 212992K
}
Event: 165.378 GC heap after
{Heap after GC invocations=12 (full 0):
 garbage-first heap   total 266240K, used 106450K [0x00000000e0000000, 0x0000000100000000)
  region size 1024K, 19 young (19456K), 19 survivors (19456K)
 Metaspace       used 79176K, committed 79872K, reserved 286720K
  class space    used 10760K, committed 11072K, reserved 212992K
}

